0 info it worked if it ends with ok
1 verbose cli [ '/usr/bin/nodejs', '/usr/bin/npm', 'install', '-g', 'mocha' ]
2 info using npm@3.3.12
3 info using node@v5.5.0
4 silly loadCurrentTree Starting
5 silly install loadCurrentTree
6 silly install readGlobalPackageData
7 silly fetchPackageMetaData mocha
8 silly fetchNamedPackageData mocha
9 silly mapToRegistry name mocha
10 silly mapToRegistry using default registry
11 silly mapToRegistry registry https://registry.npmjs.org/
12 silly mapToRegistry uri https://registry.npmjs.org/mocha
13 verbose request uri https://registry.npmjs.org/mocha
14 verbose request no auth needed
15 info attempt registry request try #1 at 12:07:59
16 verbose request id b3834d4d6b6617f5
17 verbose etag "DEDWYMVUYZ48HXKO152I9EOXR"
18 http request GET https://registry.npmjs.org/mocha
19 http 200 https://registry.npmjs.org/mocha
20 verbose headers { server: 'CouchDB/1.5.0 (Erlang OTP/R16B03)',
20 verbose headers   etag: '"ADQ54GHPABFB50WO4KX0LSMQ4"',
20 verbose headers   'content-type': 'application/json',
20 verbose headers   'cache-control': 'max-age=300',
20 verbose headers   'content-length': '282505',
20 verbose headers   'accept-ranges': 'bytes',
20 verbose headers   date: 'Sun, 08 May 2016 09:07:32 GMT',
20 verbose headers   via: '1.1 varnish',
20 verbose headers   age: '88',
20 verbose headers   connection: 'keep-alive',
20 verbose headers   'x-served-by': 'cache-fra1244-FRA',
20 verbose headers   'x-cache': 'HIT',
20 verbose headers   'x-cache-hits': '1',
20 verbose headers   'x-timer': 'S1462698452.093275,VS0,VE0',
20 verbose headers   vary: 'Accept-Encoding' }
21 silly get cb [ 200,
21 silly get   { server: 'CouchDB/1.5.0 (Erlang OTP/R16B03)',
21 silly get     etag: '"ADQ54GHPABFB50WO4KX0LSMQ4"',
21 silly get     'content-type': 'application/json',
21 silly get     'cache-control': 'max-age=300',
21 silly get     'content-length': '282505',
21 silly get     'accept-ranges': 'bytes',
21 silly get     date: 'Sun, 08 May 2016 09:07:32 GMT',
21 silly get     via: '1.1 varnish',
21 silly get     age: '88',
21 silly get     connection: 'keep-alive',
21 silly get     'x-served-by': 'cache-fra1244-FRA',
21 silly get     'x-cache': 'HIT',
21 silly get     'x-cache-hits': '1',
21 silly get     'x-timer': 'S1462698452.093275,VS0,VE0',
21 silly get     vary: 'Accept-Encoding' } ]
22 verbose get saving mocha to /home/nick/.npm/registry.npmjs.org/mocha/.cache.json
23 silly install normalizeTree
24 silly loadCurrentTree Finishing
25 silly loadIdealTree Starting
26 silly install loadIdealTree
27 silly cloneCurrentTree Starting
28 silly install cloneCurrentTreeToIdealTree
29 silly cloneCurrentTree Finishing
30 silly loadShrinkwrap Starting
31 silly install loadShrinkwrap
32 silly loadShrinkwrap Finishing
33 silly loadAllDepsIntoIdealTree Starting
34 silly install loadAllDepsIntoIdealTree
35 silly resolveWithNewModule mocha@2.4.5 checking installable status
36 silly cache add args [ 'mocha', null ]
37 verbose cache add spec mocha
38 silly cache add parsed spec Result {
38 silly cache add   raw: 'mocha',
38 silly cache add   scope: null,
38 silly cache add   name: 'mocha',
38 silly cache add   rawSpec: '',
38 silly cache add   spec: '*',
38 silly cache add   type: 'range' }
39 silly addNamed mocha@*
40 verbose addNamed "*" is a valid semver range for mocha
41 silly addNameRange { name: 'mocha', range: '*', hasData: false }
42 silly mapToRegistry name mocha
43 silly mapToRegistry using default registry
44 silly mapToRegistry registry https://registry.npmjs.org/
45 silly mapToRegistry uri https://registry.npmjs.org/mocha
46 verbose addNameRange registry:https://registry.npmjs.org/mocha not in flight; fetching
47 verbose get https://registry.npmjs.org/mocha not expired, no request
48 silly addNameRange number 2 { name: 'mocha', range: '*', hasData: true }
49 silly addNameRange versions [ 'mocha',
49 silly addNameRange   [ '0.0.1-alpha1',
49 silly addNameRange     '0.0.1-alpha2',
49 silly addNameRange     '0.0.1-alpha3',
49 silly addNameRange     '0.0.1-alpha4',
49 silly addNameRange     '0.0.1-alpha5',
49 silly addNameRange     '0.0.1-alpha6',
49 silly addNameRange     '0.0.1',
49 silly addNameRange     '0.0.2',
49 silly addNameRange     '0.0.3',
49 silly addNameRange     '0.0.4',
49 silly addNameRange     '0.0.5',
49 silly addNameRange     '0.0.6',
49 silly addNameRange     '0.0.7',
49 silly addNameRange     '0.0.8',
49 silly addNameRange     '0.1.0',
49 silly addNameRange     '0.2.0',
49 silly addNameRange     '0.3.0',
49 silly addNameRange     '0.3.1',
49 silly addNameRange     '0.3.2',
49 silly addNameRange     '0.3.3',
49 silly addNameRange     '0.3.4',
49 silly addNameRange     '0.3.6',
49 silly addNameRange     '0.4.0',
49 silly addNameRange     '0.5.0',
49 silly addNameRange     '0.6.0',
49 silly addNameRange     '0.7.0',
49 silly addNameRange     '0.7.1',
49 silly addNameRange     '0.8.0',
49 silly addNameRange     '0.8.1',
49 silly addNameRange     '0.9.0',
49 silly addNameRange     '0.10.0',
49 silly addNameRange     '0.10.1',
49 silly addNameRange     '0.10.2',
49 silly addNameRange     '0.11.0',
49 silly addNameRange     '0.12.0',
49 silly addNameRange     '0.12.1',
49 silly addNameRange     '0.13.0',
49 silly addNameRange     '0.14.0',
49 silly addNameRange     '0.14.1',
49 silly addNameRange     '1.0.0',
49 silly addNameRange     '1.0.1',
49 silly addNameRange     '1.0.2',
49 silly addNameRange     '1.0.3',
49 silly addNameRange     '1.1.0',
49 silly addNameRange     '1.2.0',
49 silly addNameRange     '1.2.1',
49 silly addNameRange     '1.2.2',
49 silly addNameRange     '1.3.0',
49 silly addNameRange     '1.3.1',
49 silly addNameRange     '1.3.2',
49 silly addNameRange     '1.4.0',
49 silly addNameRange     '1.4.1',
49 silly addNameRange     '1.4.2',
49 silly addNameRange     '1.4.3',
49 silly addNameRange     '1.5.0',
49 silly addNameRange     '1.6.0',
49 silly addNameRange     '1.7.0',
49 silly addNameRange     '1.7.1',
49 silly addNameRange     '1.7.2',
49 silly addNameRange     '1.7.3',
49 silly addNameRange     '1.7.4',
49 silly addNameRange     '1.8.0',
49 silly addNameRange     '1.8.1',
49 silly addNameRange     '1.8.2',
49 silly addNameRange     '1.9.0',
49 silly addNameRange     '1.10.0',
49 silly addNameRange     '1.11.0',
49 silly addNameRange     '1.12.0',
49 silly addNameRange     '1.12.1',
49 silly addNameRange     '1.13.0',
49 silly addNameRange     '1.14.0',
49 silly addNameRange     '1.15.0',
49 silly addNameRange     '1.15.1',
49 silly addNameRange     '1.16.0',
49 silly addNameRange     '1.16.1',
49 silly addNameRange     '1.16.2',
49 silly addNameRange     '1.17.0',
49 silly addNameRange     '1.17.1',
49 silly addNameRange     '1.18.0',
49 silly addNameRange     '1.18.1',
49 silly addNameRange     '1.18.2',
49 silly addNameRange     '1.19.0',
49 silly addNameRange     '1.20.0',
49 silly addNameRange     '1.20.1',
49 silly addNameRange     '1.21.0',
49 silly addNameRange     '1.21.1',
49 silly addNameRange     '1.21.2',
49 silly addNameRange     '1.21.3',
49 silly addNameRange     '1.21.4',
49 silly addNameRange     '1.21.5',
49 silly addNameRange     '2.0.0',
49 silly addNameRange     '2.0.1',
49 silly addNameRange     '2.1.0',
49 silly addNameRange     '2.2.0',
49 silly addNameRange     '2.2.1',
49 silly addNameRange     '2.2.3',
49 silly addNameRange     '2.2.4',
49 silly addNameRange     '2.2.5',
49 silly addNameRange     '2.3.0',
49 silly addNameRange     '2.3.1',
49 silly addNameRange     '2.3.2',
49 silly addNameRange     '2.3.3',
49 silly addNameRange     '2.3.4',
49 silly addNameRange     '2.4.1',
49 silly addNameRange     '2.4.2',
49 silly addNameRange     '2.4.3',
49 silly addNameRange     '2.4.4',
49 silly addNameRange     '2.4.5' ] ]
50 silly addNamed mocha@2.4.5
51 verbose addNamed "2.4.5" is a plain semver version for mocha
52 silly cache afterAdd mocha@2.4.5
53 verbose afterAdd /home/nick/.npm/mocha/2.4.5/package/package.json not in flight; writing
54 verbose afterAdd /home/nick/.npm/mocha/2.4.5/package/package.json written
55 silly fetchNamedPackageData commander
56 silly mapToRegistry name commander
57 silly mapToRegistry using default registry
58 silly mapToRegistry registry https://registry.npmjs.org/
59 silly mapToRegistry uri https://registry.npmjs.org/commander
60 silly fetchNamedPackageData debug
61 silly mapToRegistry name debug
62 silly mapToRegistry using default registry
63 silly mapToRegistry registry https://registry.npmjs.org/
64 silly mapToRegistry uri https://registry.npmjs.org/debug
65 silly fetchNamedPackageData diff
66 silly mapToRegistry name diff
67 silly mapToRegistry using default registry
68 silly mapToRegistry registry https://registry.npmjs.org/
69 silly mapToRegistry uri https://registry.npmjs.org/diff
70 silly fetchNamedPackageData escape-string-regexp
71 silly mapToRegistry name escape-string-regexp
72 silly mapToRegistry using default registry
73 silly mapToRegistry registry https://registry.npmjs.org/
74 silly mapToRegistry uri https://registry.npmjs.org/escape-string-regexp
75 silly fetchNamedPackageData glob
76 silly mapToRegistry name glob
77 silly mapToRegistry using default registry
78 silly mapToRegistry registry https://registry.npmjs.org/
79 silly mapToRegistry uri https://registry.npmjs.org/glob
80 silly fetchNamedPackageData growl
81 silly mapToRegistry name growl
82 silly mapToRegistry using default registry
83 silly mapToRegistry registry https://registry.npmjs.org/
84 silly mapToRegistry uri https://registry.npmjs.org/growl
85 silly fetchNamedPackageData jade
86 silly mapToRegistry name jade
87 silly mapToRegistry using default registry
88 silly mapToRegistry registry https://registry.npmjs.org/
89 silly mapToRegistry uri https://registry.npmjs.org/jade
90 silly fetchNamedPackageData mkdirp
91 silly mapToRegistry name mkdirp
92 silly mapToRegistry using default registry
93 silly mapToRegistry registry https://registry.npmjs.org/
94 silly mapToRegistry uri https://registry.npmjs.org/mkdirp
95 silly fetchNamedPackageData supports-color
96 silly mapToRegistry name supports-color
97 silly mapToRegistry using default registry
98 silly mapToRegistry registry https://registry.npmjs.org/
99 silly mapToRegistry uri https://registry.npmjs.org/supports-color
100 verbose request uri https://registry.npmjs.org/diff
101 verbose request no auth needed
102 info attempt registry request try #1 at 12:08:01
103 verbose etag "C2JR8VIFOCSEV2B6HYFHDDE8H"
104 http request GET https://registry.npmjs.org/diff
105 verbose request uri https://registry.npmjs.org/growl
106 verbose request no auth needed
107 info attempt registry request try #1 at 12:08:01
108 verbose etag "EMMYA79CSS38GR5NEV2F28I5X"
109 http request GET https://registry.npmjs.org/growl
110 verbose request uri https://registry.npmjs.org/debug
111 verbose request no auth needed
112 info attempt registry request try #1 at 12:08:01
113 verbose etag "5M0TF2ZWOVR8K79SIZDZ0RRPG"
114 http request GET https://registry.npmjs.org/debug
115 verbose request uri https://registry.npmjs.org/commander
116 verbose request no auth needed
117 info attempt registry request try #1 at 12:08:01
118 verbose etag "310XZMA57V74H46LKEDBHTH3X"
119 http request GET https://registry.npmjs.org/commander
120 verbose request uri https://registry.npmjs.org/glob
121 verbose request no auth needed
122 info attempt registry request try #1 at 12:08:01
123 verbose etag "3AFNVSQLMS2KH0RWVH7UIDP6N"
124 http request GET https://registry.npmjs.org/glob
125 verbose request uri https://registry.npmjs.org/escape-string-regexp
126 verbose request no auth needed
127 info attempt registry request try #1 at 12:08:02
128 verbose etag "6KTGFS9RIPM29TUJQ6RDLQRVA"
129 http request GET https://registry.npmjs.org/escape-string-regexp
130 verbose request uri https://registry.npmjs.org/jade
131 verbose request no auth needed
132 info attempt registry request try #1 at 12:08:02
133 verbose etag "270PK2AY1CU4BEAP092VCNXAA"
134 http request GET https://registry.npmjs.org/jade
135 verbose request uri https://registry.npmjs.org/supports-color
136 verbose request no auth needed
137 info attempt registry request try #1 at 12:08:02
138 verbose etag "87VJAKWYUF4A2G4LCQKH55FZE"
139 http request GET https://registry.npmjs.org/supports-color
140 verbose request uri https://registry.npmjs.org/mkdirp
141 verbose request no auth needed
142 info attempt registry request try #1 at 12:08:02
143 verbose etag "DV3T2GI2U25M7SY8OTKIZ5BJU"
144 http request GET https://registry.npmjs.org/mkdirp
145 http 200 https://registry.npmjs.org/diff
146 verbose headers { server: 'CouchDB/1.5.0 (Erlang OTP/R16B03)',
146 verbose headers   etag: '"9PZZJEVEBEBKYGGW2V344NRQX"',
146 verbose headers   'content-type': 'application/json',
146 verbose headers   'content-encoding': 'gzip',
146 verbose headers   'cache-control': 'max-age=300',
146 verbose headers   'content-length': '8439',
146 verbose headers   'accept-ranges': 'bytes',
146 verbose headers   date: 'Sun, 08 May 2016 09:07:33 GMT',
146 verbose headers   via: '1.1 varnish',
146 verbose headers   age: '18',
146 verbose headers   connection: 'keep-alive',
146 verbose headers   'x-served-by': 'cache-fra1240-FRA',
146 verbose headers   'x-cache': 'HIT',
146 verbose headers   'x-cache-hits': '1',
146 verbose headers   'x-timer': 'S1462698453.769510,VS0,VE0',
146 verbose headers   vary: 'Accept-Encoding' }
147 silly get cb [ 200,
147 silly get   { server: 'CouchDB/1.5.0 (Erlang OTP/R16B03)',
147 silly get     etag: '"9PZZJEVEBEBKYGGW2V344NRQX"',
147 silly get     'content-type': 'application/json',
147 silly get     'content-encoding': 'gzip',
147 silly get     'cache-control': 'max-age=300',
147 silly get     'content-length': '8439',
147 silly get     'accept-ranges': 'bytes',
147 silly get     date: 'Sun, 08 May 2016 09:07:33 GMT',
147 silly get     via: '1.1 varnish',
147 silly get     age: '18',
147 silly get     connection: 'keep-alive',
147 silly get     'x-served-by': 'cache-fra1240-FRA',
147 silly get     'x-cache': 'HIT',
147 silly get     'x-cache-hits': '1',
147 silly get     'x-timer': 'S1462698453.769510,VS0,VE0',
147 silly get     vary: 'Accept-Encoding' } ]
148 verbose get saving diff to /home/nick/.npm/registry.npmjs.org/diff/.cache.json
149 http 200 https://registry.npmjs.org/debug
150 verbose headers { server: 'CouchDB/1.5.0 (Erlang OTP/R16B03)',
150 verbose headers   etag: '"D7AJ1C2WIYKHAJSHXTC019FSU"',
150 verbose headers   'content-type': 'application/json',
150 verbose headers   'cache-control': 'max-age=300',
150 verbose headers   'content-length': '37417',
150 verbose headers   'accept-ranges': 'bytes',
150 verbose headers   date: 'Sun, 08 May 2016 09:07:33 GMT',
150 verbose headers   via: '1.1 varnish',
150 verbose headers   age: '78',
150 verbose headers   connection: 'keep-alive',
150 verbose headers   'x-served-by': 'cache-fra1220-FRA',
150 verbose headers   'x-cache': 'HIT',
150 verbose headers   'x-cache-hits': '4',
150 verbose headers   'x-timer': 'S1462698453.769990,VS0,VE0',
150 verbose headers   vary: 'Accept-Encoding' }
151 silly get cb [ 200,
151 silly get   { server: 'CouchDB/1.5.0 (Erlang OTP/R16B03)',
151 silly get     etag: '"D7AJ1C2WIYKHAJSHXTC019FSU"',
151 silly get     'content-type': 'application/json',
151 silly get     'cache-control': 'max-age=300',
151 silly get     'content-length': '37417',
151 silly get     'accept-ranges': 'bytes',
151 silly get     date: 'Sun, 08 May 2016 09:07:33 GMT',
151 silly get     via: '1.1 varnish',
151 silly get     age: '78',
151 silly get     connection: 'keep-alive',
151 silly get     'x-served-by': 'cache-fra1220-FRA',
151 silly get     'x-cache': 'HIT',
151 silly get     'x-cache-hits': '4',
151 silly get     'x-timer': 'S1462698453.769990,VS0,VE0',
151 silly get     vary: 'Accept-Encoding' } ]
152 verbose get saving debug to /home/nick/.npm/registry.npmjs.org/debug/.cache.json
153 http 200 https://registry.npmjs.org/growl
154 verbose headers { server: 'CouchDB/1.5.0 (Erlang OTP/R16B03)',
154 verbose headers   etag: '"EJ5NI4N6AYEV9IXMVJRTMA20K"',
154 verbose headers   'content-type': 'application/json',
154 verbose headers   'cache-control': 'max-age=300',
154 verbose headers   'content-length': '17662',
154 verbose headers   'accept-ranges': 'bytes',
154 verbose headers   date: 'Sun, 08 May 2016 09:07:33 GMT',
154 verbose headers   via: '1.1 varnish',
154 verbose headers   age: '177',
154 verbose headers   connection: 'keep-alive',
154 verbose headers   'x-served-by': 'cache-fra1225-FRA',
154 verbose headers   'x-cache': 'HIT',
154 verbose headers   'x-cache-hits': '1',
154 verbose headers   'x-timer': 'S1462698453.768584,VS0,VE0',
154 verbose headers   vary: 'Accept-Encoding' }
155 silly get cb [ 200,
155 silly get   { server: 'CouchDB/1.5.0 (Erlang OTP/R16B03)',
155 silly get     etag: '"EJ5NI4N6AYEV9IXMVJRTMA20K"',
155 silly get     'content-type': 'application/json',
155 silly get     'cache-control': 'max-age=300',
155 silly get     'content-length': '17662',
155 silly get     'accept-ranges': 'bytes',
155 silly get     date: 'Sun, 08 May 2016 09:07:33 GMT',
155 silly get     via: '1.1 varnish',
155 silly get     age: '177',
155 silly get     connection: 'keep-alive',
155 silly get     'x-served-by': 'cache-fra1225-FRA',
155 silly get     'x-cache': 'HIT',
155 silly get     'x-cache-hits': '1',
155 silly get     'x-timer': 'S1462698453.768584,VS0,VE0',
155 silly get     vary: 'Accept-Encoding' } ]
156 verbose get saving growl to /home/nick/.npm/registry.npmjs.org/growl/.cache.json
157 http 304 https://registry.npmjs.org/escape-string-regexp
158 verbose headers { date: 'Sun, 08 May 2016 09:07:33 GMT',
158 verbose headers   via: '1.1 varnish',
158 verbose headers   'cache-control': 'max-age=300',
158 verbose headers   etag: '"6KTGFS9RIPM29TUJQ6RDLQRVA"',
158 verbose headers   age: '273',
158 verbose headers   connection: 'keep-alive',
158 verbose headers   'x-served-by': 'cache-fra1221-FRA',
158 verbose headers   'x-cache': 'HIT',
158 verbose headers   'x-cache-hits': '11',
158 verbose headers   'x-timer': 'S1462698453.845566,VS0,VE0',
158 verbose headers   vary: 'Accept-Encoding' }
159 silly get cb [ 304,
159 silly get   { date: 'Sun, 08 May 2016 09:07:33 GMT',
159 silly get     via: '1.1 varnish',
159 silly get     'cache-control': 'max-age=300',
159 silly get     etag: '"6KTGFS9RIPM29TUJQ6RDLQRVA"',
159 silly get     age: '273',
159 silly get     connection: 'keep-alive',
159 silly get     'x-served-by': 'cache-fra1221-FRA',
159 silly get     'x-cache': 'HIT',
159 silly get     'x-cache-hits': '11',
159 silly get     'x-timer': 'S1462698453.845566,VS0,VE0',
159 silly get     vary: 'Accept-Encoding' } ]
160 verbose etag https://registry.npmjs.org/escape-string-regexp from cache
161 verbose get saving escape-string-regexp to /home/nick/.npm/registry.npmjs.org/escape-string-regexp/.cache.json
162 http 304 https://registry.npmjs.org/supports-color
163 verbose headers { date: 'Sun, 08 May 2016 09:07:33 GMT',
163 verbose headers   via: '1.1 varnish',
163 verbose headers   'cache-control': 'max-age=300',
163 verbose headers   etag: '"87VJAKWYUF4A2G4LCQKH55FZE"',
163 verbose headers   age: '28',
163 verbose headers   connection: 'keep-alive',
163 verbose headers   'x-served-by': 'cache-fra1230-FRA',
163 verbose headers   'x-cache': 'HIT',
163 verbose headers   'x-cache-hits': '2',
163 verbose headers   'x-timer': 'S1462698453.851959,VS0,VE0',
163 verbose headers   vary: 'Accept-Encoding' }
164 silly get cb [ 304,
164 silly get   { date: 'Sun, 08 May 2016 09:07:33 GMT',
164 silly get     via: '1.1 varnish',
164 silly get     'cache-control': 'max-age=300',
164 silly get     etag: '"87VJAKWYUF4A2G4LCQKH55FZE"',
164 silly get     age: '28',
164 silly get     connection: 'keep-alive',
164 silly get     'x-served-by': 'cache-fra1230-FRA',
164 silly get     'x-cache': 'HIT',
164 silly get     'x-cache-hits': '2',
164 silly get     'x-timer': 'S1462698453.851959,VS0,VE0',
164 silly get     vary: 'Accept-Encoding' } ]
165 verbose etag https://registry.npmjs.org/supports-color from cache
166 verbose get saving supports-color to /home/nick/.npm/registry.npmjs.org/supports-color/.cache.json
167 http 200 https://registry.npmjs.org/commander
168 verbose headers { server: 'CouchDB/1.5.0 (Erlang OTP/R16B03)',
168 verbose headers   etag: '"AD3QTRFXX7LYLDJ24K5522KXT"',
168 verbose headers   'content-type': 'application/json',
168 verbose headers   'content-encoding': 'gzip',
168 verbose headers   'cache-control': 'max-age=300',
168 verbose headers   'content-length': '12685',
168 verbose headers   'accept-ranges': 'bytes',
168 verbose headers   date: 'Sun, 08 May 2016 09:07:33 GMT',
168 verbose headers   via: '1.1 varnish',
168 verbose headers   age: '79',
168 verbose headers   connection: 'keep-alive',
168 verbose headers   'x-served-by': 'cache-fra1245-FRA',
168 verbose headers   'x-cache': 'HIT',
168 verbose headers   'x-cache-hits': '3',
168 verbose headers   'x-timer': 'S1462698453.819051,VS0,VE0',
168 verbose headers   vary: 'Accept-Encoding' }
169 silly get cb [ 200,
169 silly get   { server: 'CouchDB/1.5.0 (Erlang OTP/R16B03)',
169 silly get     etag: '"AD3QTRFXX7LYLDJ24K5522KXT"',
169 silly get     'content-type': 'application/json',
169 silly get     'content-encoding': 'gzip',
169 silly get     'cache-control': 'max-age=300',
169 silly get     'content-length': '12685',
169 silly get     'accept-ranges': 'bytes',
169 silly get     date: 'Sun, 08 May 2016 09:07:33 GMT',
169 silly get     via: '1.1 varnish',
169 silly get     age: '79',
169 silly get     connection: 'keep-alive',
169 silly get     'x-served-by': 'cache-fra1245-FRA',
169 silly get     'x-cache': 'HIT',
169 silly get     'x-cache-hits': '3',
169 silly get     'x-timer': 'S1462698453.819051,VS0,VE0',
169 silly get     vary: 'Accept-Encoding' } ]
170 verbose get saving commander to /home/nick/.npm/registry.npmjs.org/commander/.cache.json
171 http 200 https://registry.npmjs.org/mkdirp
172 verbose headers { server: 'CouchDB/1.5.0 (Erlang OTP/R16B03)',
172 verbose headers   etag: '"5X91MOJNLLIEP49QFEAUT2R6O"',
172 verbose headers   'content-type': 'application/json',
172 verbose headers   'cache-control': 'max-age=300',
172 verbose headers   'content-length': '24021',
172 verbose headers   'accept-ranges': 'bytes',
172 verbose headers   date: 'Sun, 08 May 2016 09:07:33 GMT',
172 verbose headers   via: '1.1 varnish',
172 verbose headers   age: '2',
172 verbose headers   connection: 'keep-alive',
172 verbose headers   'x-served-by': 'cache-fra1239-FRA',
172 verbose headers   'x-cache': 'HIT',
172 verbose headers   'x-cache-hits': '1',
172 verbose headers   'x-timer': 'S1462698453.854004,VS0,VE0',
172 verbose headers   vary: 'Accept-Encoding' }
173 silly get cb [ 200,
173 silly get   { server: 'CouchDB/1.5.0 (Erlang OTP/R16B03)',
173 silly get     etag: '"5X91MOJNLLIEP49QFEAUT2R6O"',
173 silly get     'content-type': 'application/json',
173 silly get     'cache-control': 'max-age=300',
173 silly get     'content-length': '24021',
173 silly get     'accept-ranges': 'bytes',
173 silly get     date: 'Sun, 08 May 2016 09:07:33 GMT',
173 silly get     via: '1.1 varnish',
173 silly get     age: '2',
173 silly get     connection: 'keep-alive',
173 silly get     'x-served-by': 'cache-fra1239-FRA',
173 silly get     'x-cache': 'HIT',
173 silly get     'x-cache-hits': '1',
173 silly get     'x-timer': 'S1462698453.854004,VS0,VE0',
173 silly get     vary: 'Accept-Encoding' } ]
174 verbose get saving mkdirp to /home/nick/.npm/registry.npmjs.org/mkdirp/.cache.json
175 silly resolveWithNewModule diff@1.4.0 checking installable status
176 silly cache add args [ 'diff@1.4.0', null ]
177 verbose cache add spec diff@1.4.0
178 silly cache add parsed spec Result {
178 silly cache add   raw: 'diff@1.4.0',
178 silly cache add   scope: null,
178 silly cache add   name: 'diff',
178 silly cache add   rawSpec: '1.4.0',
178 silly cache add   spec: '1.4.0',
178 silly cache add   type: 'version' }
179 silly addNamed diff@1.4.0
180 verbose addNamed "1.4.0" is a plain semver version for diff
181 silly mapToRegistry name diff
182 silly mapToRegistry using default registry
183 silly mapToRegistry registry https://registry.npmjs.org/
184 silly mapToRegistry uri https://registry.npmjs.org/diff
185 verbose addNameVersion registry:https://registry.npmjs.org/diff not in flight; fetching
186 silly resolveWithNewModule growl@1.8.1 checking installable status
187 silly cache add args [ 'growl@1.8.1', null ]
188 verbose cache add spec growl@1.8.1
189 silly cache add parsed spec Result {
189 silly cache add   raw: 'growl@1.8.1',
189 silly cache add   scope: null,
189 silly cache add   name: 'growl',
189 silly cache add   rawSpec: '1.8.1',
189 silly cache add   spec: '1.8.1',
189 silly cache add   type: 'version' }
190 silly addNamed growl@1.8.1
191 verbose addNamed "1.8.1" is a plain semver version for growl
192 silly mapToRegistry name growl
193 silly mapToRegistry using default registry
194 silly mapToRegistry registry https://registry.npmjs.org/
195 silly mapToRegistry uri https://registry.npmjs.org/growl
196 verbose addNameVersion registry:https://registry.npmjs.org/growl not in flight; fetching
197 verbose get https://registry.npmjs.org/diff not expired, no request
198 verbose get https://registry.npmjs.org/growl not expired, no request
199 silly resolveWithNewModule mkdirp@0.5.1 checking installable status
200 silly cache add args [ 'mkdirp@0.5.1', null ]
201 verbose cache add spec mkdirp@0.5.1
202 silly cache add parsed spec Result {
202 silly cache add   raw: 'mkdirp@0.5.1',
202 silly cache add   scope: null,
202 silly cache add   name: 'mkdirp',
202 silly cache add   rawSpec: '0.5.1',
202 silly cache add   spec: '0.5.1',
202 silly cache add   type: 'version' }
203 silly addNamed mkdirp@0.5.1
204 verbose addNamed "0.5.1" is a plain semver version for mkdirp
205 silly mapToRegistry name mkdirp
206 silly mapToRegistry using default registry
207 silly mapToRegistry registry https://registry.npmjs.org/
208 silly mapToRegistry uri https://registry.npmjs.org/mkdirp
209 verbose addNameVersion registry:https://registry.npmjs.org/mkdirp not in flight; fetching
210 http 200 https://registry.npmjs.org/glob
211 verbose headers { server: 'CouchDB/1.5.0 (Erlang OTP/R16B03)',
211 verbose headers   etag: '"591622GQOYR45JODRQD25WKG6"',
211 verbose headers   'content-type': 'application/json',
211 verbose headers   'content-encoding': 'gzip',
211 verbose headers   'cache-control': 'max-age=300',
211 verbose headers   'content-length': '19256',
211 verbose headers   'accept-ranges': 'bytes',
211 verbose headers   date: 'Sun, 08 May 2016 09:07:33 GMT',
211 verbose headers   via: '1.1 varnish',
211 verbose headers   age: '214',
211 verbose headers   connection: 'keep-alive',
211 verbose headers   'x-served-by': 'cache-fra1236-FRA',
211 verbose headers   'x-cache': 'HIT',
211 verbose headers   'x-cache-hits': '18',
211 verbose headers   'x-timer': 'S1462698453.819969,VS0,VE0',
211 verbose headers   vary: 'Accept-Encoding' }
212 silly get cb [ 200,
212 silly get   { server: 'CouchDB/1.5.0 (Erlang OTP/R16B03)',
212 silly get     etag: '"591622GQOYR45JODRQD25WKG6"',
212 silly get     'content-type': 'application/json',
212 silly get     'content-encoding': 'gzip',
212 silly get     'cache-control': 'max-age=300',
212 silly get     'content-length': '19256',
212 silly get     'accept-ranges': 'bytes',
212 silly get     date: 'Sun, 08 May 2016 09:07:33 GMT',
212 silly get     via: '1.1 varnish',
212 silly get     age: '214',
212 silly get     connection: 'keep-alive',
212 silly get     'x-served-by': 'cache-fra1236-FRA',
212 silly get     'x-cache': 'HIT',
212 silly get     'x-cache-hits': '18',
212 silly get     'x-timer': 'S1462698453.819969,VS0,VE0',
212 silly get     vary: 'Accept-Encoding' } ]
213 verbose get saving glob to /home/nick/.npm/registry.npmjs.org/glob/.cache.json
214 silly resolveWithNewModule escape-string-regexp@1.0.2 checking installable status
215 silly cache add args [ 'escape-string-regexp@1.0.2', null ]
216 verbose cache add spec escape-string-regexp@1.0.2
217 silly cache add parsed spec Result {
217 silly cache add   raw: 'escape-string-regexp@1.0.2',
217 silly cache add   scope: null,
217 silly cache add   name: 'escape-string-regexp',
217 silly cache add   rawSpec: '1.0.2',
217 silly cache add   spec: '1.0.2',
217 silly cache add   type: 'version' }
218 silly addNamed escape-string-regexp@1.0.2
219 verbose addNamed "1.0.2" is a plain semver version for escape-string-regexp
220 silly mapToRegistry name escape-string-regexp
221 silly mapToRegistry using default registry
222 silly mapToRegistry registry https://registry.npmjs.org/
223 silly mapToRegistry uri https://registry.npmjs.org/escape-string-regexp
224 verbose addNameVersion registry:https://registry.npmjs.org/escape-string-regexp not in flight; fetching
225 http 200 https://registry.npmjs.org/jade
226 verbose headers { server: 'CouchDB/1.5.0 (Erlang OTP/R16B03)',
226 verbose headers   etag: '"ALGVXEYCG5O2L182G55561TPH"',
226 verbose headers   'content-type': 'application/json',
226 verbose headers   'content-encoding': 'gzip',
226 verbose headers   'cache-control': 'max-age=300',
226 verbose headers   'content-length': '19453',
226 verbose headers   'accept-ranges': 'bytes',
226 verbose headers   date: 'Sun, 08 May 2016 09:07:33 GMT',
226 verbose headers   via: '1.1 varnish',
226 verbose headers   age: '88',
226 verbose headers   connection: 'keep-alive',
226 verbose headers   'x-served-by': 'cache-fra1220-FRA',
226 verbose headers   'x-cache': 'HIT',
226 verbose headers   'x-cache-hits': '1',
226 verbose headers   'x-timer': 'S1462698453.850973,VS0,VE0',
226 verbose headers   vary: 'Accept-Encoding' }
227 silly get cb [ 200,
227 silly get   { server: 'CouchDB/1.5.0 (Erlang OTP/R16B03)',
227 silly get     etag: '"ALGVXEYCG5O2L182G55561TPH"',
227 silly get     'content-type': 'application/json',
227 silly get     'content-encoding': 'gzip',
227 silly get     'cache-control': 'max-age=300',
227 silly get     'content-length': '19453',
227 silly get     'accept-ranges': 'bytes',
227 silly get     date: 'Sun, 08 May 2016 09:07:33 GMT',
227 silly get     via: '1.1 varnish',
227 silly get     age: '88',
227 silly get     connection: 'keep-alive',
227 silly get     'x-served-by': 'cache-fra1220-FRA',
227 silly get     'x-cache': 'HIT',
227 silly get     'x-cache-hits': '1',
227 silly get     'x-timer': 'S1462698453.850973,VS0,VE0',
227 silly get     vary: 'Accept-Encoding' } ]
228 verbose get saving jade to /home/nick/.npm/registry.npmjs.org/jade/.cache.json
229 silly resolveWithNewModule debug@2.2.0 checking installable status
230 silly cache add args [ 'debug@2.2.0', null ]
231 verbose cache add spec debug@2.2.0
232 silly cache add parsed spec Result {
232 silly cache add   raw: 'debug@2.2.0',
232 silly cache add   scope: null,
232 silly cache add   name: 'debug',
232 silly cache add   rawSpec: '2.2.0',
232 silly cache add   spec: '2.2.0',
232 silly cache add   type: 'version' }
233 silly addNamed debug@2.2.0
234 verbose addNamed "2.2.0" is a plain semver version for debug
235 silly mapToRegistry name debug
236 silly mapToRegistry using default registry
237 silly mapToRegistry registry https://registry.npmjs.org/
238 silly mapToRegistry uri https://registry.npmjs.org/debug
239 verbose addNameVersion registry:https://registry.npmjs.org/debug not in flight; fetching
240 verbose get https://registry.npmjs.org/mkdirp not expired, no request
241 silly resolveWithNewModule commander@2.3.0 checking installable status
242 silly cache add args [ 'commander@2.3.0', null ]
243 verbose cache add spec commander@2.3.0
244 silly cache add parsed spec Result {
244 silly cache add   raw: 'commander@2.3.0',
244 silly cache add   scope: null,
244 silly cache add   name: 'commander',
244 silly cache add   rawSpec: '2.3.0',
244 silly cache add   spec: '2.3.0',
244 silly cache add   type: 'version' }
245 silly addNamed commander@2.3.0
246 verbose addNamed "2.3.0" is a plain semver version for commander
247 silly mapToRegistry name commander
248 silly mapToRegistry using default registry
249 silly mapToRegistry registry https://registry.npmjs.org/
250 silly mapToRegistry uri https://registry.npmjs.org/commander
251 verbose addNameVersion registry:https://registry.npmjs.org/commander not in flight; fetching
252 silly resolveWithNewModule supports-color@1.2.0 checking installable status
253 silly cache add args [ 'supports-color@1.2.0', null ]
254 verbose cache add spec supports-color@1.2.0
255 silly cache add parsed spec Result {
255 silly cache add   raw: 'supports-color@1.2.0',
255 silly cache add   scope: null,
255 silly cache add   name: 'supports-color',
255 silly cache add   rawSpec: '1.2.0',
255 silly cache add   spec: '1.2.0',
255 silly cache add   type: 'version' }
256 silly addNamed supports-color@1.2.0
257 verbose addNamed "1.2.0" is a plain semver version for supports-color
258 silly mapToRegistry name supports-color
259 silly mapToRegistry using default registry
260 silly mapToRegistry registry https://registry.npmjs.org/
261 silly mapToRegistry uri https://registry.npmjs.org/supports-color
262 verbose addNameVersion registry:https://registry.npmjs.org/supports-color not in flight; fetching
263 verbose get https://registry.npmjs.org/escape-string-regexp not expired, no request
264 silly cache afterAdd diff@1.4.0
265 verbose afterAdd /home/nick/.npm/diff/1.4.0/package/package.json not in flight; writing
266 silly cache afterAdd growl@1.8.1
267 verbose afterAdd /home/nick/.npm/growl/1.8.1/package/package.json not in flight; writing
268 verbose get https://registry.npmjs.org/debug not expired, no request
269 verbose get https://registry.npmjs.org/commander not expired, no request
270 silly resolveWithNewModule glob@3.2.3 checking installable status
271 silly cache add args [ 'glob@3.2.3', null ]
272 verbose cache add spec glob@3.2.3
273 silly cache add parsed spec Result {
273 silly cache add   raw: 'glob@3.2.3',
273 silly cache add   scope: null,
273 silly cache add   name: 'glob',
273 silly cache add   rawSpec: '3.2.3',
273 silly cache add   spec: '3.2.3',
273 silly cache add   type: 'version' }
274 silly addNamed glob@3.2.3
275 verbose addNamed "3.2.3" is a plain semver version for glob
276 silly mapToRegistry name glob
277 silly mapToRegistry using default registry
278 silly mapToRegistry registry https://registry.npmjs.org/
279 silly mapToRegistry uri https://registry.npmjs.org/glob
280 verbose addNameVersion registry:https://registry.npmjs.org/glob not in flight; fetching
281 verbose get https://registry.npmjs.org/supports-color not expired, no request
282 verbose afterAdd /home/nick/.npm/diff/1.4.0/package/package.json written
283 verbose afterAdd /home/nick/.npm/growl/1.8.1/package/package.json written
284 silly resolveWithNewModule jade@0.26.3 checking installable status
285 silly cache add args [ 'jade@0.26.3', null ]
286 verbose cache add spec jade@0.26.3
287 silly cache add parsed spec Result {
287 silly cache add   raw: 'jade@0.26.3',
287 silly cache add   scope: null,
287 silly cache add   name: 'jade',
287 silly cache add   rawSpec: '0.26.3',
287 silly cache add   spec: '0.26.3',
287 silly cache add   type: 'version' }
288 silly addNamed jade@0.26.3
289 verbose addNamed "0.26.3" is a plain semver version for jade
290 silly mapToRegistry name jade
291 silly mapToRegistry using default registry
292 silly mapToRegistry registry https://registry.npmjs.org/
293 silly mapToRegistry uri https://registry.npmjs.org/jade
294 verbose addNameVersion registry:https://registry.npmjs.org/jade not in flight; fetching
295 verbose get https://registry.npmjs.org/glob not expired, no request
296 silly cache afterAdd debug@2.2.0
297 verbose afterAdd /home/nick/.npm/debug/2.2.0/package/package.json not in flight; writing
298 silly cache afterAdd mkdirp@0.5.1
299 verbose afterAdd /home/nick/.npm/mkdirp/0.5.1/package/package.json not in flight; writing
300 verbose get https://registry.npmjs.org/jade not expired, no request
301 warn deprecated jade@0.26.3: Jade has been renamed to pug, please install the latest version of pug instead of jade
302 silly cache afterAdd supports-color@1.2.0
303 verbose afterAdd /home/nick/.npm/supports-color/1.2.0/package/package.json not in flight; writing
304 silly cache afterAdd commander@2.3.0
305 verbose afterAdd /home/nick/.npm/commander/2.3.0/package/package.json not in flight; writing
306 verbose afterAdd /home/nick/.npm/debug/2.2.0/package/package.json written
307 silly cache afterAdd escape-string-regexp@1.0.2
308 verbose afterAdd /home/nick/.npm/escape-string-regexp/1.0.2/package/package.json not in flight; writing
309 verbose afterAdd /home/nick/.npm/mkdirp/0.5.1/package/package.json written
310 silly cache afterAdd glob@3.2.3
311 verbose afterAdd /home/nick/.npm/glob/3.2.3/package/package.json not in flight; writing
312 verbose afterAdd /home/nick/.npm/commander/2.3.0/package/package.json written
313 verbose afterAdd /home/nick/.npm/glob/3.2.3/package/package.json written
314 verbose afterAdd /home/nick/.npm/escape-string-regexp/1.0.2/package/package.json written
315 silly cache afterAdd jade@0.26.3
316 verbose afterAdd /home/nick/.npm/jade/0.26.3/package/package.json not in flight; writing
317 verbose afterAdd /home/nick/.npm/jade/0.26.3/package/package.json written
318 verbose afterAdd /home/nick/.npm/supports-color/1.2.0/package/package.json written
319 silly fetchNamedPackageData ms
320 silly mapToRegistry name ms
321 silly mapToRegistry using default registry
322 silly mapToRegistry registry https://registry.npmjs.org/
323 silly mapToRegistry uri https://registry.npmjs.org/ms
324 verbose request uri https://registry.npmjs.org/ms
325 verbose request no auth needed
326 info attempt registry request try #1 at 12:08:03
327 verbose etag "4XCCG1431SKP942SBNM5AU16C"
328 http request GET https://registry.npmjs.org/ms
329 http 200 https://registry.npmjs.org/ms
330 verbose headers { server: 'CouchDB/1.5.0 (Erlang OTP/R16B03)',
330 verbose headers   etag: '"EJ8OL12OQ5HB3FAFB64BNJ7M3"',
330 verbose headers   'content-type': 'application/json',
330 verbose headers   'cache-control': 'max-age=300',
330 verbose headers   'content-length': '8757',
330 verbose headers   'accept-ranges': 'bytes',
330 verbose headers   date: 'Sun, 08 May 2016 09:07:35 GMT',
330 verbose headers   via: '1.1 varnish',
330 verbose headers   age: '4',
330 verbose headers   connection: 'keep-alive',
330 verbose headers   'x-served-by': 'cache-fra1222-FRA',
330 verbose headers   'x-cache': 'HIT',
330 verbose headers   'x-cache-hits': '1',
330 verbose headers   'x-timer': 'S1462698455.286876,VS0,VE0',
330 verbose headers   vary: 'Accept-Encoding' }
331 silly get cb [ 200,
331 silly get   { server: 'CouchDB/1.5.0 (Erlang OTP/R16B03)',
331 silly get     etag: '"EJ8OL12OQ5HB3FAFB64BNJ7M3"',
331 silly get     'content-type': 'application/json',
331 silly get     'cache-control': 'max-age=300',
331 silly get     'content-length': '8757',
331 silly get     'accept-ranges': 'bytes',
331 silly get     date: 'Sun, 08 May 2016 09:07:35 GMT',
331 silly get     via: '1.1 varnish',
331 silly get     age: '4',
331 silly get     connection: 'keep-alive',
331 silly get     'x-served-by': 'cache-fra1222-FRA',
331 silly get     'x-cache': 'HIT',
331 silly get     'x-cache-hits': '1',
331 silly get     'x-timer': 'S1462698455.286876,VS0,VE0',
331 silly get     vary: 'Accept-Encoding' } ]
332 verbose get saving ms to /home/nick/.npm/registry.npmjs.org/ms/.cache.json
333 silly resolveWithNewModule ms@0.7.1 checking installable status
334 silly cache add args [ 'ms@0.7.1', null ]
335 verbose cache add spec ms@0.7.1
336 silly cache add parsed spec Result {
336 silly cache add   raw: 'ms@0.7.1',
336 silly cache add   scope: null,
336 silly cache add   name: 'ms',
336 silly cache add   rawSpec: '0.7.1',
336 silly cache add   spec: '0.7.1',
336 silly cache add   type: 'version' }
337 silly addNamed ms@0.7.1
338 verbose addNamed "0.7.1" is a plain semver version for ms
339 silly mapToRegistry name ms
340 silly mapToRegistry using default registry
341 silly mapToRegistry registry https://registry.npmjs.org/
342 silly mapToRegistry uri https://registry.npmjs.org/ms
343 verbose addNameVersion registry:https://registry.npmjs.org/ms not in flight; fetching
344 verbose get https://registry.npmjs.org/ms not expired, no request
345 silly cache afterAdd ms@0.7.1
346 verbose afterAdd /home/nick/.npm/ms/0.7.1/package/package.json not in flight; writing
347 verbose afterAdd /home/nick/.npm/ms/0.7.1/package/package.json written
348 silly fetchNamedPackageData minimatch
349 silly mapToRegistry name minimatch
350 silly mapToRegistry using default registry
351 silly mapToRegistry registry https://registry.npmjs.org/
352 silly mapToRegistry uri https://registry.npmjs.org/minimatch
353 silly fetchNamedPackageData graceful-fs
354 silly mapToRegistry name graceful-fs
355 silly mapToRegistry using default registry
356 silly mapToRegistry registry https://registry.npmjs.org/
357 silly mapToRegistry uri https://registry.npmjs.org/graceful-fs
358 silly fetchNamedPackageData inherits
359 silly mapToRegistry name inherits
360 silly mapToRegistry using default registry
361 silly mapToRegistry registry https://registry.npmjs.org/
362 silly mapToRegistry uri https://registry.npmjs.org/inherits
363 verbose request uri https://registry.npmjs.org/minimatch
364 verbose request no auth needed
365 info attempt registry request try #1 at 12:08:03
366 verbose etag "DFZODLEATQAZ2N0BZOZDSZYIR"
367 http request GET https://registry.npmjs.org/minimatch
368 verbose request uri https://registry.npmjs.org/graceful-fs
369 verbose request no auth needed
370 info attempt registry request try #1 at 12:08:03
371 verbose etag "38NUI3LOQB8F5NWZ21M23N1B1"
372 http request GET https://registry.npmjs.org/graceful-fs
373 verbose request uri https://registry.npmjs.org/inherits
374 verbose request no auth needed
375 info attempt registry request try #1 at 12:08:03
376 verbose etag "9C23BNETE30UZVYRVML0QUTBX"
377 http request GET https://registry.npmjs.org/inherits
378 http 304 https://registry.npmjs.org/minimatch
379 verbose headers { date: 'Sun, 08 May 2016 09:07:35 GMT',
379 verbose headers   via: '1.1 varnish',
379 verbose headers   'cache-control': 'max-age=300',
379 verbose headers   etag: '"DFZODLEATQAZ2N0BZOZDSZYIR"',
379 verbose headers   age: '220',
379 verbose headers   connection: 'keep-alive',
379 verbose headers   'x-served-by': 'cache-fra1225-FRA',
379 verbose headers   'x-cache': 'HIT',
379 verbose headers   'x-cache-hits': '15',
379 verbose headers   'x-timer': 'S1462698455.565779,VS0,VE0',
379 verbose headers   vary: 'Accept-Encoding' }
380 silly get cb [ 304,
380 silly get   { date: 'Sun, 08 May 2016 09:07:35 GMT',
380 silly get     via: '1.1 varnish',
380 silly get     'cache-control': 'max-age=300',
380 silly get     etag: '"DFZODLEATQAZ2N0BZOZDSZYIR"',
380 silly get     age: '220',
380 silly get     connection: 'keep-alive',
380 silly get     'x-served-by': 'cache-fra1225-FRA',
380 silly get     'x-cache': 'HIT',
380 silly get     'x-cache-hits': '15',
380 silly get     'x-timer': 'S1462698455.565779,VS0,VE0',
380 silly get     vary: 'Accept-Encoding' } ]
381 verbose etag https://registry.npmjs.org/minimatch from cache
382 verbose get saving minimatch to /home/nick/.npm/registry.npmjs.org/minimatch/.cache.json
383 silly resolveWithNewModule minimatch@0.2.14 checking installable status
384 silly cache add args [ 'minimatch@~0.2.11', null ]
385 verbose cache add spec minimatch@~0.2.11
386 silly cache add parsed spec Result {
386 silly cache add   raw: 'minimatch@~0.2.11',
386 silly cache add   scope: null,
386 silly cache add   name: 'minimatch',
386 silly cache add   rawSpec: '~0.2.11',
386 silly cache add   spec: '>=0.2.11 <0.3.0',
386 silly cache add   type: 'range' }
387 silly addNamed minimatch@>=0.2.11 <0.3.0
388 verbose addNamed ">=0.2.11 <0.3.0" is a valid semver range for minimatch
389 silly addNameRange { name: 'minimatch', range: '>=0.2.11 <0.3.0', hasData: false }
390 silly mapToRegistry name minimatch
391 silly mapToRegistry using default registry
392 silly mapToRegistry registry https://registry.npmjs.org/
393 silly mapToRegistry uri https://registry.npmjs.org/minimatch
394 verbose addNameRange registry:https://registry.npmjs.org/minimatch not in flight; fetching
395 verbose get https://registry.npmjs.org/minimatch not expired, no request
396 silly addNameRange number 2 { name: 'minimatch', range: '>=0.2.11 <0.3.0', hasData: true }
397 silly addNameRange versions [ 'minimatch',
397 silly addNameRange   [ '0.0.1',
397 silly addNameRange     '0.0.2',
397 silly addNameRange     '0.0.4',
397 silly addNameRange     '0.0.5',
397 silly addNameRange     '0.1.1',
397 silly addNameRange     '0.1.2',
397 silly addNameRange     '0.1.3',
397 silly addNameRange     '0.1.4',
397 silly addNameRange     '0.1.5',
397 silly addNameRange     '0.2.0',
397 silly addNameRange     '0.2.2',
397 silly addNameRange     '0.2.3',
397 silly addNameRange     '0.2.4',
397 silly addNameRange     '0.2.5',
397 silly addNameRange     '0.2.6',
397 silly addNameRange     '0.2.7',
397 silly addNameRange     '0.2.8',
397 silly addNameRange     '0.2.9',
397 silly addNameRange     '0.2.10',
397 silly addNameRange     '0.2.11',
397 silly addNameRange     '0.2.12',
397 silly addNameRange     '0.2.13',
397 silly addNameRange     '0.2.14',
397 silly addNameRange     '0.3.0',
397 silly addNameRange     '0.4.0',
397 silly addNameRange     '1.0.0',
397 silly addNameRange     '2.0.0',
397 silly addNameRange     '2.0.1',
397 silly addNameRange     '2.0.2',
397 silly addNameRange     '2.0.3',
397 silly addNameRange     '2.0.4',
397 silly addNameRange     '2.0.5',
397 silly addNameRange     '2.0.6',
397 silly addNameRange     '2.0.7',
397 silly addNameRange     '2.0.8',
397 silly addNameRange     '2.0.9',
397 silly addNameRange     '2.0.10',
397 silly addNameRange     '3.0.0' ] ]
398 silly addNamed minimatch@0.2.14
399 verbose addNamed "0.2.14" is a plain semver version for minimatch
400 http 200 https://registry.npmjs.org/graceful-fs
401 verbose headers { server: 'CouchDB/1.5.0 (Erlang OTP/R16B03)',
401 verbose headers   etag: '"BB1PAHZ1OSLFZKGWRH6OX54GJ"',
401 verbose headers   'content-type': 'application/json',
401 verbose headers   'content-encoding': 'gzip',
401 verbose headers   'cache-control': 'max-age=300',
401 verbose headers   'content-length': '8101',
401 verbose headers   'accept-ranges': 'bytes',
401 verbose headers   date: 'Sun, 08 May 2016 09:07:35 GMT',
401 verbose headers   via: '1.1 varnish',
401 verbose headers   age: '132',
401 verbose headers   connection: 'keep-alive',
401 verbose headers   'x-served-by': 'cache-fra1223-FRA',
401 verbose headers   'x-cache': 'HIT',
401 verbose headers   'x-cache-hits': '6',
401 verbose headers   'x-timer': 'S1462698455.662411,VS0,VE0',
401 verbose headers   vary: 'Accept-Encoding' }
402 silly get cb [ 200,
402 silly get   { server: 'CouchDB/1.5.0 (Erlang OTP/R16B03)',
402 silly get     etag: '"BB1PAHZ1OSLFZKGWRH6OX54GJ"',
402 silly get     'content-type': 'application/json',
402 silly get     'content-encoding': 'gzip',
402 silly get     'cache-control': 'max-age=300',
402 silly get     'content-length': '8101',
402 silly get     'accept-ranges': 'bytes',
402 silly get     date: 'Sun, 08 May 2016 09:07:35 GMT',
402 silly get     via: '1.1 varnish',
402 silly get     age: '132',
402 silly get     connection: 'keep-alive',
402 silly get     'x-served-by': 'cache-fra1223-FRA',
402 silly get     'x-cache': 'HIT',
402 silly get     'x-cache-hits': '6',
402 silly get     'x-timer': 'S1462698455.662411,VS0,VE0',
402 silly get     vary: 'Accept-Encoding' } ]
403 verbose get saving graceful-fs to /home/nick/.npm/registry.npmjs.org/graceful-fs/.cache.json
404 http 200 https://registry.npmjs.org/inherits
405 verbose headers { server: 'CouchDB/1.5.0 (Erlang OTP/R16B03)',
405 verbose headers   etag: '"53TUL6KQD0SLSRC97E8RO3Q52"',
405 verbose headers   'content-type': 'application/json',
405 verbose headers   'content-encoding': 'gzip',
405 verbose headers   'cache-control': 'max-age=300',
405 verbose headers   'content-length': '2370',
405 verbose headers   'accept-ranges': 'bytes',
405 verbose headers   date: 'Sun, 08 May 2016 09:07:35 GMT',
405 verbose headers   via: '1.1 varnish',
405 verbose headers   age: '265',
405 verbose headers   connection: 'keep-alive',
405 verbose headers   'x-served-by': 'cache-fra1240-FRA',
405 verbose headers   'x-cache': 'HIT',
405 verbose headers   'x-cache-hits': '19',
405 verbose headers   'x-timer': 'S1462698455.681365,VS0,VE0',
405 verbose headers   vary: 'Accept-Encoding' }
406 silly get cb [ 200,
406 silly get   { server: 'CouchDB/1.5.0 (Erlang OTP/R16B03)',
406 silly get     etag: '"53TUL6KQD0SLSRC97E8RO3Q52"',
406 silly get     'content-type': 'application/json',
406 silly get     'content-encoding': 'gzip',
406 silly get     'cache-control': 'max-age=300',
406 silly get     'content-length': '2370',
406 silly get     'accept-ranges': 'bytes',
406 silly get     date: 'Sun, 08 May 2016 09:07:35 GMT',
406 silly get     via: '1.1 varnish',
406 silly get     age: '265',
406 silly get     connection: 'keep-alive',
406 silly get     'x-served-by': 'cache-fra1240-FRA',
406 silly get     'x-cache': 'HIT',
406 silly get     'x-cache-hits': '19',
406 silly get     'x-timer': 'S1462698455.681365,VS0,VE0',
406 silly get     vary: 'Accept-Encoding' } ]
407 verbose get saving inherits to /home/nick/.npm/registry.npmjs.org/inherits/.cache.json
408 silly resolveWithNewModule graceful-fs@2.0.3 checking installable status
409 silly cache add args [ 'graceful-fs@~2.0.0', null ]
410 verbose cache add spec graceful-fs@~2.0.0
411 silly cache add parsed spec Result {
411 silly cache add   raw: 'graceful-fs@~2.0.0',
411 silly cache add   scope: null,
411 silly cache add   name: 'graceful-fs',
411 silly cache add   rawSpec: '~2.0.0',
411 silly cache add   spec: '>=2.0.0 <2.1.0',
411 silly cache add   type: 'range' }
412 silly addNamed graceful-fs@>=2.0.0 <2.1.0
413 verbose addNamed ">=2.0.0 <2.1.0" is a valid semver range for graceful-fs
414 silly addNameRange { name: 'graceful-fs', range: '>=2.0.0 <2.1.0', hasData: false }
415 silly mapToRegistry name graceful-fs
416 silly mapToRegistry using default registry
417 silly mapToRegistry registry https://registry.npmjs.org/
418 silly mapToRegistry uri https://registry.npmjs.org/graceful-fs
419 verbose addNameRange registry:https://registry.npmjs.org/graceful-fs not in flight; fetching
420 verbose get https://registry.npmjs.org/graceful-fs not expired, no request
421 silly addNameRange number 2 { name: 'graceful-fs', range: '>=2.0.0 <2.1.0', hasData: true }
422 silly addNameRange versions [ 'graceful-fs',
422 silly addNameRange   [ '1.0.0',
422 silly addNameRange     '1.0.1',
422 silly addNameRange     '1.0.2',
422 silly addNameRange     '1.1.0',
422 silly addNameRange     '1.1.1',
422 silly addNameRange     '1.1.2',
422 silly addNameRange     '1.1.3',
422 silly addNameRange     '1.1.4',
422 silly addNameRange     '1.1.5',
422 silly addNameRange     '1.1.6',
422 silly addNameRange     '1.1.7',
422 silly addNameRange     '1.1.8',
422 silly addNameRange     '1.1.9',
422 silly addNameRange     '1.1.10',
422 silly addNameRange     '1.1.11',
422 silly addNameRange     '1.1.12',
422 silly addNameRange     '1.1.13',
422 silly addNameRange     '1.1.14',
422 silly addNameRange     '1.2.0',
422 silly addNameRange     '1.2.1',
422 silly addNameRange     '1.2.2',
422 silly addNameRange     '1.2.3',
422 silly addNameRange     '2.0.0',
422 silly addNameRange     '2.0.1',
422 silly addNameRange     '2.0.2',
422 silly addNameRange     '2.0.3',
422 silly addNameRange     '3.0.0',
422 silly addNameRange     '3.0.1',
422 silly addNameRange     '3.0.2',
422 silly addNameRange     '3.0.3',
422 silly addNameRange     '3.0.4',
422 silly addNameRange     '3.0.5',
422 silly addNameRange     '3.0.6',
422 silly addNameRange     '3.0.7',
422 silly addNameRange     '3.0.8',
422 silly addNameRange     '4.1.0',
422 silly addNameRange     '4.1.1',
422 silly addNameRange     '4.1.2',
422 silly addNameRange     '4.1.3',
422 silly addNameRange     '4.1.4' ] ]
423 silly addNamed graceful-fs@2.0.3
424 verbose addNamed "2.0.3" is a plain semver version for graceful-fs
425 warn deprecated graceful-fs@2.0.3: graceful-fs v3.0.0 and before will fail on node releases >= v7.0. Please update to graceful-fs@^4.0.0 as soon as possible. Use 'npm ls graceful-fs' to find it in the tree.
426 silly resolveWithNewModule inherits@2.0.1 checking installable status
427 silly cache add args [ 'inherits@2', null ]
428 verbose cache add spec inherits@2
429 silly cache add parsed spec Result {
429 silly cache add   raw: 'inherits@2',
429 silly cache add   scope: null,
429 silly cache add   name: 'inherits',
429 silly cache add   rawSpec: '2',
429 silly cache add   spec: '>=2.0.0 <3.0.0',
429 silly cache add   type: 'range' }
430 silly addNamed inherits@>=2.0.0 <3.0.0
431 verbose addNamed ">=2.0.0 <3.0.0" is a valid semver range for inherits
432 silly addNameRange { name: 'inherits', range: '>=2.0.0 <3.0.0', hasData: false }
433 silly mapToRegistry name inherits
434 silly mapToRegistry using default registry
435 silly mapToRegistry registry https://registry.npmjs.org/
436 silly mapToRegistry uri https://registry.npmjs.org/inherits
437 verbose addNameRange registry:https://registry.npmjs.org/inherits not in flight; fetching
438 silly cache afterAdd minimatch@0.2.14
439 verbose afterAdd /home/nick/.npm/minimatch/0.2.14/package/package.json not in flight; writing
440 verbose get https://registry.npmjs.org/inherits not expired, no request
441 silly addNameRange number 2 { name: 'inherits', range: '>=2.0.0 <3.0.0', hasData: true }
442 silly addNameRange versions [ 'inherits', [ '1.0.0', '2.0.0', '2.0.1', '1.0.1', '1.0.2' ] ]
443 silly addNamed inherits@2.0.1
444 verbose addNamed "2.0.1" is a plain semver version for inherits
445 silly cache afterAdd graceful-fs@2.0.3
446 verbose afterAdd /home/nick/.npm/graceful-fs/2.0.3/package/package.json not in flight; writing
447 verbose afterAdd /home/nick/.npm/minimatch/0.2.14/package/package.json written
448 verbose afterAdd /home/nick/.npm/graceful-fs/2.0.3/package/package.json written
449 silly cache afterAdd inherits@2.0.1
450 verbose afterAdd /home/nick/.npm/inherits/2.0.1/package/package.json not in flight; writing
451 verbose afterAdd /home/nick/.npm/inherits/2.0.1/package/package.json written
452 silly fetchNamedPackageData lru-cache
453 silly mapToRegistry name lru-cache
454 silly mapToRegistry using default registry
455 silly mapToRegistry registry https://registry.npmjs.org/
456 silly mapToRegistry uri https://registry.npmjs.org/lru-cache
457 silly fetchNamedPackageData sigmund
458 silly mapToRegistry name sigmund
459 silly mapToRegistry using default registry
460 silly mapToRegistry registry https://registry.npmjs.org/
461 silly mapToRegistry uri https://registry.npmjs.org/sigmund
462 verbose request uri https://registry.npmjs.org/lru-cache
463 verbose request no auth needed
464 info attempt registry request try #1 at 12:08:04
465 verbose etag "7G7OLKMF3YQ0HP9BLDAIO3BVM"
466 http request GET https://registry.npmjs.org/lru-cache
467 verbose request uri https://registry.npmjs.org/sigmund
468 verbose request no auth needed
469 info attempt registry request try #1 at 12:08:04
470 verbose etag "1TUX00X8YEKNFED6GGWS214S3"
471 http request GET https://registry.npmjs.org/sigmund
472 http 304 https://registry.npmjs.org/sigmund
473 verbose headers { date: 'Sun, 08 May 2016 09:07:36 GMT',
473 verbose headers   via: '1.1 varnish',
473 verbose headers   'cache-control': 'max-age=300',
473 verbose headers   etag: '"1TUX00X8YEKNFED6GGWS214S3"',
473 verbose headers   age: '177',
473 verbose headers   connection: 'keep-alive',
473 verbose headers   'x-served-by': 'cache-fra1246-FRA',
473 verbose headers   'x-cache': 'HIT',
473 verbose headers   'x-cache-hits': '5',
473 verbose headers   'x-timer': 'S1462698456.620782,VS0,VE0',
473 verbose headers   vary: 'Accept-Encoding' }
474 silly get cb [ 304,
474 silly get   { date: 'Sun, 08 May 2016 09:07:36 GMT',
474 silly get     via: '1.1 varnish',
474 silly get     'cache-control': 'max-age=300',
474 silly get     etag: '"1TUX00X8YEKNFED6GGWS214S3"',
474 silly get     age: '177',
474 silly get     connection: 'keep-alive',
474 silly get     'x-served-by': 'cache-fra1246-FRA',
474 silly get     'x-cache': 'HIT',
474 silly get     'x-cache-hits': '5',
474 silly get     'x-timer': 'S1462698456.620782,VS0,VE0',
474 silly get     vary: 'Accept-Encoding' } ]
475 verbose etag https://registry.npmjs.org/sigmund from cache
476 verbose get saving sigmund to /home/nick/.npm/registry.npmjs.org/sigmund/.cache.json
477 silly resolveWithNewModule sigmund@1.0.1 checking installable status
478 silly cache add args [ 'sigmund@~1.0.0', null ]
479 verbose cache add spec sigmund@~1.0.0
480 silly cache add parsed spec Result {
480 silly cache add   raw: 'sigmund@~1.0.0',
480 silly cache add   scope: null,
480 silly cache add   name: 'sigmund',
480 silly cache add   rawSpec: '~1.0.0',
480 silly cache add   spec: '>=1.0.0 <1.1.0',
480 silly cache add   type: 'range' }
481 silly addNamed sigmund@>=1.0.0 <1.1.0
482 verbose addNamed ">=1.0.0 <1.1.0" is a valid semver range for sigmund
483 silly addNameRange { name: 'sigmund', range: '>=1.0.0 <1.1.0', hasData: false }
484 silly mapToRegistry name sigmund
485 silly mapToRegistry using default registry
486 silly mapToRegistry registry https://registry.npmjs.org/
487 silly mapToRegistry uri https://registry.npmjs.org/sigmund
488 verbose addNameRange registry:https://registry.npmjs.org/sigmund not in flight; fetching
489 verbose get https://registry.npmjs.org/sigmund not expired, no request
490 silly addNameRange number 2 { name: 'sigmund', range: '>=1.0.0 <1.1.0', hasData: true }
491 silly addNameRange versions [ 'sigmund', [ '1.0.0', '1.0.1' ] ]
492 silly addNamed sigmund@1.0.1
493 verbose addNamed "1.0.1" is a plain semver version for sigmund
494 silly cache afterAdd sigmund@1.0.1
495 verbose afterAdd /home/nick/.npm/sigmund/1.0.1/package/package.json not in flight; writing
496 verbose afterAdd /home/nick/.npm/sigmund/1.0.1/package/package.json written
497 http 200 https://registry.npmjs.org/lru-cache
498 verbose headers { server: 'CouchDB/1.5.0 (Erlang OTP/R16B03)',
498 verbose headers   etag: '"3XB7MUYI0KWLJ82GPS2ZB8KQL"',
498 verbose headers   'content-type': 'application/json',
498 verbose headers   'cache-control': 'max-age=300',
498 verbose headers   'content-length': '49678',
498 verbose headers   'accept-ranges': 'bytes',
498 verbose headers   date: 'Sun, 08 May 2016 09:07:36 GMT',
498 verbose headers   via: '1.1 varnish',
498 verbose headers   age: '231',
498 verbose headers   connection: 'keep-alive',
498 verbose headers   'x-served-by': 'cache-fra1225-FRA',
498 verbose headers   'x-cache': 'HIT',
498 verbose headers   'x-cache-hits': '10',
498 verbose headers   'x-timer': 'S1462698456.607339,VS0,VE0',
498 verbose headers   vary: 'Accept-Encoding' }
499 silly get cb [ 200,
499 silly get   { server: 'CouchDB/1.5.0 (Erlang OTP/R16B03)',
499 silly get     etag: '"3XB7MUYI0KWLJ82GPS2ZB8KQL"',
499 silly get     'content-type': 'application/json',
499 silly get     'cache-control': 'max-age=300',
499 silly get     'content-length': '49678',
499 silly get     'accept-ranges': 'bytes',
499 silly get     date: 'Sun, 08 May 2016 09:07:36 GMT',
499 silly get     via: '1.1 varnish',
499 silly get     age: '231',
499 silly get     connection: 'keep-alive',
499 silly get     'x-served-by': 'cache-fra1225-FRA',
499 silly get     'x-cache': 'HIT',
499 silly get     'x-cache-hits': '10',
499 silly get     'x-timer': 'S1462698456.607339,VS0,VE0',
499 silly get     vary: 'Accept-Encoding' } ]
500 verbose get saving lru-cache to /home/nick/.npm/registry.npmjs.org/lru-cache/.cache.json
501 silly resolveWithNewModule lru-cache@2.7.3 checking installable status
502 silly cache add args [ 'lru-cache@2', null ]
503 verbose cache add spec lru-cache@2
504 silly cache add parsed spec Result {
504 silly cache add   raw: 'lru-cache@2',
504 silly cache add   scope: null,
504 silly cache add   name: 'lru-cache',
504 silly cache add   rawSpec: '2',
504 silly cache add   spec: '>=2.0.0 <3.0.0',
504 silly cache add   type: 'range' }
505 silly addNamed lru-cache@>=2.0.0 <3.0.0
506 verbose addNamed ">=2.0.0 <3.0.0" is a valid semver range for lru-cache
507 silly addNameRange { name: 'lru-cache', range: '>=2.0.0 <3.0.0', hasData: false }
508 silly mapToRegistry name lru-cache
509 silly mapToRegistry using default registry
510 silly mapToRegistry registry https://registry.npmjs.org/
511 silly mapToRegistry uri https://registry.npmjs.org/lru-cache
512 verbose addNameRange registry:https://registry.npmjs.org/lru-cache not in flight; fetching
513 verbose get https://registry.npmjs.org/lru-cache not expired, no request
514 silly addNameRange number 2 { name: 'lru-cache', range: '>=2.0.0 <3.0.0', hasData: true }
515 silly addNameRange versions [ 'lru-cache',
515 silly addNameRange   [ '1.0.1',
515 silly addNameRange     '1.0.2',
515 silly addNameRange     '1.0.3',
515 silly addNameRange     '1.0.4',
515 silly addNameRange     '1.0.5',
515 silly addNameRange     '1.0.6',
515 silly addNameRange     '1.1.0',
515 silly addNameRange     '1.1.1',
515 silly addNameRange     '2.0.0',
515 silly addNameRange     '2.0.1',
515 silly addNameRange     '2.0.2',
515 silly addNameRange     '2.0.3',
515 silly addNameRange     '2.0.4',
515 silly addNameRange     '2.1.0',
515 silly addNameRange     '2.2.0',
515 silly addNameRange     '2.2.1',
515 silly addNameRange     '2.2.2',
515 silly addNameRange     '2.2.4',
515 silly addNameRange     '2.3.0',
515 silly addNameRange     '2.3.1',
515 silly addNameRange     '2.5.0',
515 silly addNameRange     '2.5.1',
515 silly addNameRange     '2.5.2',
515 silly addNameRange     '2.6.0',
515 silly addNameRange     '2.6.1',
515 silly addNameRange     '2.6.2',
515 silly addNameRange     '2.6.3',
515 silly addNameRange     '2.6.4',
515 silly addNameRange     '2.6.5',
515 silly addNameRange     '2.7.0',
515 silly addNameRange     '2.7.1',
515 silly addNameRange     '2.7.2',
515 silly addNameRange     '2.7.3',
515 silly addNameRange     '3.0.0',
515 silly addNameRange     '3.1.0',
515 silly addNameRange     '3.1.1',
515 silly addNameRange     '3.1.2',
515 silly addNameRange     '3.2.0',
515 silly addNameRange     '4.0.0',
515 silly addNameRange     '4.0.1' ] ]
516 silly addNamed lru-cache@2.7.3
517 verbose addNamed "2.7.3" is a plain semver version for lru-cache
518 silly cache afterAdd lru-cache@2.7.3
519 verbose afterAdd /home/nick/.npm/lru-cache/2.7.3/package/package.json not in flight; writing
520 verbose afterAdd /home/nick/.npm/lru-cache/2.7.3/package/package.json written
521 silly fetchNamedPackageData commander
522 silly mapToRegistry name commander
523 silly mapToRegistry using default registry
524 silly mapToRegistry registry https://registry.npmjs.org/
525 silly mapToRegistry uri https://registry.npmjs.org/commander
526 silly resolveWithNewModule commander@0.6.1 checking installable status
527 silly cache add args [ 'commander@0.6.1', null ]
528 verbose cache add spec commander@0.6.1
529 silly fetchNamedPackageData mkdirp
530 silly mapToRegistry name mkdirp
531 silly mapToRegistry using default registry
532 silly mapToRegistry registry https://registry.npmjs.org/
533 silly mapToRegistry uri https://registry.npmjs.org/mkdirp
534 silly resolveWithNewModule mkdirp@0.3.0 checking installable status
535 silly cache add args [ 'mkdirp@0.3.0', null ]
536 verbose cache add spec mkdirp@0.3.0
537 silly cache add parsed spec Result {
537 silly cache add   raw: 'commander@0.6.1',
537 silly cache add   scope: null,
537 silly cache add   name: 'commander',
537 silly cache add   rawSpec: '0.6.1',
537 silly cache add   spec: '0.6.1',
537 silly cache add   type: 'version' }
538 silly addNamed commander@0.6.1
539 verbose addNamed "0.6.1" is a plain semver version for commander
540 silly mapToRegistry name commander
541 silly mapToRegistry using default registry
542 silly mapToRegistry registry https://registry.npmjs.org/
543 silly mapToRegistry uri https://registry.npmjs.org/commander
544 verbose addNameVersion registry:https://registry.npmjs.org/commander not in flight; fetching
545 silly cache add parsed spec Result {
545 silly cache add   raw: 'mkdirp@0.3.0',
545 silly cache add   scope: null,
545 silly cache add   name: 'mkdirp',
545 silly cache add   rawSpec: '0.3.0',
545 silly cache add   spec: '0.3.0',
545 silly cache add   type: 'version' }
546 silly addNamed mkdirp@0.3.0
547 verbose addNamed "0.3.0" is a plain semver version for mkdirp
548 silly mapToRegistry name mkdirp
549 silly mapToRegistry using default registry
550 silly mapToRegistry registry https://registry.npmjs.org/
551 silly mapToRegistry uri https://registry.npmjs.org/mkdirp
552 verbose addNameVersion registry:https://registry.npmjs.org/mkdirp not in flight; fetching
553 verbose get https://registry.npmjs.org/commander not expired, no request
554 verbose get https://registry.npmjs.org/mkdirp not expired, no request
555 silly cache afterAdd commander@0.6.1
556 verbose afterAdd /home/nick/.npm/commander/0.6.1/package/package.json not in flight; writing
557 silly cache afterAdd mkdirp@0.3.0
558 verbose afterAdd /home/nick/.npm/mkdirp/0.3.0/package/package.json not in flight; writing
559 verbose afterAdd /home/nick/.npm/commander/0.6.1/package/package.json written
560 verbose afterAdd /home/nick/.npm/mkdirp/0.3.0/package/package.json written
561 silly fetchNamedPackageData minimist
562 silly mapToRegistry name minimist
563 silly mapToRegistry using default registry
564 silly mapToRegistry registry https://registry.npmjs.org/
565 silly mapToRegistry uri https://registry.npmjs.org/minimist
566 verbose request uri https://registry.npmjs.org/minimist
567 verbose request no auth needed
568 info attempt registry request try #1 at 12:08:05
569 verbose etag "79L085F6UC176ABG8B2O16UZ2"
570 http request GET https://registry.npmjs.org/minimist
571 http 200 https://registry.npmjs.org/minimist
572 verbose headers { server: 'CouchDB/1.5.0 (Erlang OTP/R16B03)',
572 verbose headers   etag: '"A3XPN51FZMK2ESHRV3MDZJFJA"',
572 verbose headers   'content-type': 'application/json',
572 verbose headers   'content-encoding': 'gzip',
572 verbose headers   'cache-control': 'max-age=300',
572 verbose headers   'content-length': '5473',
572 verbose headers   'accept-ranges': 'bytes',
572 verbose headers   date: 'Sun, 08 May 2016 09:07:37 GMT',
572 verbose headers   via: '1.1 varnish',
572 verbose headers   age: '278',
572 verbose headers   connection: 'keep-alive',
572 verbose headers   'x-served-by': 'cache-fra1241-FRA',
572 verbose headers   'x-cache': 'HIT',
572 verbose headers   'x-cache-hits': '9',
572 verbose headers   'x-timer': 'S1462698457.107507,VS0,VE0',
572 verbose headers   vary: 'Accept-Encoding' }
573 silly get cb [ 200,
573 silly get   { server: 'CouchDB/1.5.0 (Erlang OTP/R16B03)',
573 silly get     etag: '"A3XPN51FZMK2ESHRV3MDZJFJA"',
573 silly get     'content-type': 'application/json',
573 silly get     'content-encoding': 'gzip',
573 silly get     'cache-control': 'max-age=300',
573 silly get     'content-length': '5473',
573 silly get     'accept-ranges': 'bytes',
573 silly get     date: 'Sun, 08 May 2016 09:07:37 GMT',
573 silly get     via: '1.1 varnish',
573 silly get     age: '278',
573 silly get     connection: 'keep-alive',
573 silly get     'x-served-by': 'cache-fra1241-FRA',
573 silly get     'x-cache': 'HIT',
573 silly get     'x-cache-hits': '9',
573 silly get     'x-timer': 'S1462698457.107507,VS0,VE0',
573 silly get     vary: 'Accept-Encoding' } ]
574 verbose get saving minimist to /home/nick/.npm/registry.npmjs.org/minimist/.cache.json
575 silly resolveWithNewModule minimist@0.0.8 checking installable status
576 silly cache add args [ 'minimist@0.0.8', null ]
577 verbose cache add spec minimist@0.0.8
578 silly cache add parsed spec Result {
578 silly cache add   raw: 'minimist@0.0.8',
578 silly cache add   scope: null,
578 silly cache add   name: 'minimist',
578 silly cache add   rawSpec: '0.0.8',
578 silly cache add   spec: '0.0.8',
578 silly cache add   type: 'version' }
579 silly addNamed minimist@0.0.8
580 verbose addNamed "0.0.8" is a plain semver version for minimist
581 silly mapToRegistry name minimist
582 silly mapToRegistry using default registry
583 silly mapToRegistry registry https://registry.npmjs.org/
584 silly mapToRegistry uri https://registry.npmjs.org/minimist
585 verbose addNameVersion registry:https://registry.npmjs.org/minimist not in flight; fetching
586 verbose get https://registry.npmjs.org/minimist not expired, no request
587 silly cache afterAdd minimist@0.0.8
588 verbose afterAdd /home/nick/.npm/minimist/0.0.8/package/package.json not in flight; writing
589 verbose afterAdd /home/nick/.npm/minimist/0.0.8/package/package.json written
590 silly loadAllDepsIntoIdealTree Finishing
591 silly idealTree:prePrune lib
591 silly idealTree:prePrune  mocha@2.4.5
591 silly idealTree:prePrune    commander@2.3.0
591 silly idealTree:prePrune    debug@2.2.0
591 silly idealTree:prePrune    diff@1.4.0
591 silly idealTree:prePrune    escape-string-regexp@1.0.2
591 silly idealTree:prePrune    glob@3.2.3
591 silly idealTree:prePrune    graceful-fs@2.0.3
591 silly idealTree:prePrune    growl@1.8.1
591 silly idealTree:prePrune    inherits@2.0.1
591 silly idealTree:prePrune    jade@0.26.3
591 silly idealTree:prePrune     commander@0.6.1
591 silly idealTree:prePrune     mkdirp@0.3.0
591 silly idealTree:prePrune    lru-cache@2.7.3
591 silly idealTree:prePrune    minimatch@0.2.14
591 silly idealTree:prePrune    minimist@0.0.8
591 silly idealTree:prePrune    mkdirp@0.5.1
591 silly idealTree:prePrune    ms@0.7.1
591 silly idealTree:prePrune    sigmund@1.0.1
591 silly idealTree:prePrune    supports-color@1.2.0
592 silly loadIdealTree Finishing
593 silly currentTree lib
594 silly idealTree lib
594 silly idealTree  mocha@2.4.5
594 silly idealTree    commander@2.3.0
594 silly idealTree    debug@2.2.0
594 silly idealTree    diff@1.4.0
594 silly idealTree    escape-string-regexp@1.0.2
594 silly idealTree    glob@3.2.3
594 silly idealTree    graceful-fs@2.0.3
594 silly idealTree    growl@1.8.1
594 silly idealTree    inherits@2.0.1
594 silly idealTree    jade@0.26.3
594 silly idealTree     commander@0.6.1
594 silly idealTree     mkdirp@0.3.0
594 silly idealTree    lru-cache@2.7.3
594 silly idealTree    minimatch@0.2.14
594 silly idealTree    minimist@0.0.8
594 silly idealTree    mkdirp@0.5.1
594 silly idealTree    ms@0.7.1
594 silly idealTree    sigmund@1.0.1
594 silly idealTree    supports-color@1.2.0
595 silly generateActionsToTake Starting
596 silly install generateActionsToTake
597 warn checkPermissions Missing write access to /usr/lib/node_modules
598 silly rollbackFailedOptional Starting
599 silly rollbackFailedOptional Finishing
600 silly runTopLevelLifecycles Starting
601 silly runTopLevelLifecycles Finishing
602 silly install printInstalled
603 verbose stack Error: EACCES: permission denied, access '/usr/lib/node_modules'
603 verbose stack     at Error (native)
604 verbose cwd /var/www/reactjs_form
605 error Linux 3.13.0-76-generic
606 error argv "/usr/bin/nodejs" "/usr/bin/npm" "install" "-g" "mocha"
607 error node v5.5.0
608 error npm  v3.3.12
609 error path /usr/lib/node_modules
610 error code EACCES
611 error errno -13
612 error syscall access
613 error Error: EACCES: permission denied, access '/usr/lib/node_modules'
613 error     at Error (native)
613 error  { [Error: EACCES: permission denied, access '/usr/lib/node_modules']
613 error   errno: -13,
613 error   code: 'EACCES',
613 error   syscall: 'access',
613 error   path: '/usr/lib/node_modules' }
614 error Please try running this command again as root/Administrator.
615 verbose exit [ -13, true ]
